2018-06-28 17:19:23 INFO  Server:18 - attempt to start server
2018-06-28 17:19:23 INFO  Server:20 - server up and running...
2018-06-29 09:39:40 INFO  Server:18 - attempt to start server
2018-06-29 09:39:40 INFO  Server:20 - server up and running...
2018-06-29 10:03:32 INFO  Server:40 - registration of user: 1
2018-06-29 10:14:52 INFO  Server:15 - attempt to start server
2018-06-29 10:14:52 INFO  Server:17 - server up and running...
2018-06-29 10:14:55 INFO  Server:37 - registration of user: 1
2018-06-29 10:14:57 INFO  Server:47 - dsf
2018-06-29 10:14:57 INFO  Server:47 - sdf
2018-06-29 10:15:01 INFO  Server:37 - registration of user: 2
2018-06-29 10:15:02 INFO  Server:47 - dsfsd
2018-06-29 10:15:04 INFO  Server:47 - quit
2018-06-29 10:15:04 INFO  Server:60 - player disconnected
2018-06-29 10:15:06 INFO  Server:47 - quit
2018-06-29 10:15:06 INFO  Server:60 - player disconnected
2018-06-29 10:16:35 INFO  Server:15 - attempt to start server
2018-06-29 10:16:35 INFO  Server:17 - server up and running...
2018-06-29 10:16:41 INFO  Server:15 - attempt to start server
2018-06-29 10:16:41 INFO  Server:17 - server up and running...
2018-06-29 10:16:45 INFO  Server:37 - registration of user: 1
2018-06-29 10:16:56 INFO  Server:47 - jebać
2018-06-29 10:17:02 INFO  Server:47 - quit
2018-06-29 10:17:02 INFO  Server:60 - player disconnected
2018-06-29 10:31:31 INFO  Server:15 - attempt to start server
2018-06-29 10:31:31 INFO  Server:17 - server up and running...
2018-06-29 10:35:55 INFO  Server:15 - attempt to start server
2018-06-29 10:35:55 INFO  Server:17 - server up and running...
2018-06-29 10:35:56 INFO  Server:37 - registration of user: 1
2018-06-29 10:40:06 INFO  Server:15 - attempt to start server
2018-06-29 10:40:06 INFO  Server:17 - server up and running...
2018-06-29 10:42:49 INFO  Server:37 - registration of user: 1
2018-06-29 10:42:50 INFO  Server:47 - quit
2018-06-29 10:42:50 INFO  Server:60 - player disconnected
2018-06-29 10:43:36 INFO  Server:15 - attempt to start server
2018-06-29 10:43:36 INFO  Server:17 - server up and running...
2018-06-29 10:43:46 INFO  Server:37 - registration of user: 1
2018-06-29 10:43:48 INFO  Server:47 - quit
2018-06-29 10:43:48 INFO  Server:60 - player disconnected
2018-06-29 10:45:13 INFO  Server:15 - attempt to start server
2018-06-29 10:45:13 INFO  Server:17 - server up and running...
2018-06-29 10:45:38 INFO  Server:37 - registration of user: 1
2018-06-29 10:45:43 INFO  Server:47 - quit
2018-06-29 10:45:43 INFO  Server:60 - player disconnected
2018-06-29 10:47:28 INFO  Server:37 - registration of user: 1
2018-06-29 10:47:34 INFO  Server:47 - quit
2018-06-29 10:47:34 INFO  Server:60 - player disconnected
2018-06-29 10:48:07 INFO  Server:15 - attempt to start server
2018-06-29 10:48:07 INFO  Server:17 - server up and running...
2018-06-29 10:48:09 INFO  Server:37 - registration of user: 1
2018-06-29 10:48:11 INFO  Server:47 - quit
2018-06-29 10:48:11 INFO  Server:60 - player disconnected
2018-06-29 10:48:13 INFO  Server:37 - registration of user: 1
2018-06-29 10:48:14 INFO  Server:47 - quit
2018-06-29 10:48:14 INFO  Server:60 - player disconnected
2018-06-29 10:48:15 INFO  Server:37 - registration of user: 1
2018-06-29 10:48:16 INFO  Server:47 - quit
2018-06-29 10:48:16 INFO  Server:60 - player disconnected
2018-06-29 10:48:22 INFO  Server:37 - registration of user: 1
2018-06-29 10:48:23 INFO  Server:47 - quit
2018-06-29 10:48:23 INFO  Server:60 - player disconnected
2018-06-29 10:50:48 INFO  Server:15 - attempt to start server
2018-06-29 10:50:48 INFO  Server:17 - server up and running...
2018-06-29 10:53:51 INFO  Server:15 - attempt to start server
2018-06-29 10:53:51 INFO  Server:17 - server up and running...
2018-06-29 10:54:02 INFO  Server:15 - attempt to start server
2018-06-29 10:54:02 INFO  Server:17 - server up and running...
2018-06-29 10:54:37 INFO  Server:37 - registration of user: 1
2018-06-29 10:55:32 INFO  Server:37 - registration of user: 2
2018-06-29 10:55:35 INFO  Server:47 - quit
2018-06-29 10:55:35 INFO  Server:60 - player disconnected
2018-06-29 10:55:38 INFO  Server:37 - registration of user: 2
2018-06-29 10:59:47 INFO  Server:15 - attempt to start server
2018-06-29 10:59:47 INFO  Server:17 - server up and running...
2018-06-29 11:00:27 INFO  Server:15 - attempt to start server
2018-06-29 11:00:27 INFO  Server:17 - server up and running...
2018-06-29 11:00:58 INFO  Server:37 - registration of user: 1
2018-06-29 11:04:21 INFO  Server:15 - attempt to start server
2018-06-29 11:04:21 INFO  Server:17 - server up and running...
2018-06-29 11:04:31 INFO  Server:38 - Registration of user: stefan
2018-06-29 11:05:20 INFO  Server:15 - attempt to start server
2018-06-29 11:05:20 INFO  Server:17 - server up and running...
2018-06-29 11:05:30 INFO  Server:38 - Registration of user: Karol
2018-06-29 11:08:49 INFO  Server:15 - attempt to start server
2018-06-29 11:08:49 INFO  Server:17 - server up and running...
2018-06-29 11:08:57 INFO  Server:38 - Registration of user: Karol
2018-06-29 11:11:57 INFO  Server:15 - attempt to start server
2018-06-29 11:11:57 INFO  Server:17 - server up and running...
2018-06-29 11:12:01 INFO  Server:38 - Registration of user: dsfafdaadfs
2018-06-29 11:16:18 INFO  Server:38 - Registration of user: Damian
2018-06-29 11:16:23 INFO  Server:38 - Registration of user: Karol
